<?xml version="1.0" encoding="UTF-8"?>
<testsuite xmlns:xsi="http://www.w3.org/2001/XMLSchema-instance" xsi:noNamespaceSchemaLocation="https://maven.apache.org/surefire/maven-surefire-plugin/xsd/surefire-test-report.xsd" name="ThreeCardTest" time="0.083" tests="29" errors="0" skipped="0" failures="0">
  <properties>
    <property name="java.specification.version" value="13"/>
    <property name="sun.jnu.encoding" value="UTF-8"/>
    <property name="java.class.path" value="/Users/dariusgrassi/Documents/Spring 2020/CS 342/Project2/ThreeCardPoker_Project2_Sp2020/target/test-classes:/Users/dariusgrassi/Documents/Spring 2020/CS 342/Project2/ThreeCardPoker_Project2_Sp2020/target/classes:/Users/dariusgrassi/.m2/repository/org/junit/jupiter/junit-jupiter-api/5.4.2/junit-jupiter-api-5.4.2.jar:/Users/dariusgrassi/.m2/repository/org/apiguardian/apiguardian-api/1.0.0/apiguardian-api-1.0.0.jar:/Users/dariusgrassi/.m2/repository/org/opentest4j/opentest4j/1.1.1/opentest4j-1.1.1.jar:/Users/dariusgrassi/.m2/repository/org/junit/platform/junit-platform-commons/1.4.2/junit-platform-commons-1.4.2.jar:/Users/dariusgrassi/.m2/repository/org/junit/jupiter/junit-jupiter-engine/5.4.2/junit-jupiter-engine-5.4.2.jar:/Users/dariusgrassi/.m2/repository/org/junit/platform/junit-platform-engine/1.4.2/junit-platform-engine-1.4.2.jar:/Users/dariusgrassi/.m2/repository/org/junit/jupiter/junit-jupiter-params/5.4.2/junit-jupiter-params-5.4.2.jar:/Users/dariusgrassi/.m2/repository/org/openjfx/javafx-controls/12.0.1/javafx-controls-12.0.1.jar:/Users/dariusgrassi/.m2/repository/org/openjfx/javafx-controls/12.0.1/javafx-controls-12.0.1-mac.jar:/Users/dariusgrassi/.m2/repository/org/openjfx/javafx-graphics/12.0.1/javafx-graphics-12.0.1.jar:/Users/dariusgrassi/.m2/repository/org/openjfx/javafx-graphics/12.0.1/javafx-graphics-12.0.1-mac.jar:/Users/dariusgrassi/.m2/repository/org/openjfx/javafx-base/12.0.1/javafx-base-12.0.1.jar:/Users/dariusgrassi/.m2/repository/org/openjfx/javafx-base/12.0.1/javafx-base-12.0.1-mac.jar:/Users/dariusgrassi/.m2/repository/org/openjfx/javafx-fxml/12/javafx-fxml-12.jar:/Users/dariusgrassi/.m2/repository/org/openjfx/javafx-fxml/12/javafx-fxml-12-mac.jar:"/>
    <property name="java.vm.vendor" value="Oracle Corporation"/>
    <property name="sun.arch.data.model" value="64"/>
    <property name="java.vendor.url" value="https://java.oracle.com/"/>
    <property name="os.name" value="Mac OS X"/>
    <property name="java.vm.specification.version" value="13"/>
    <property name="sun.java.launcher" value="SUN_STANDARD"/>
    <property name="user.country" value="US"/>
    <property name="sun.boot.library.path" value="/Library/Java/JavaVirtualMachines/jdk-13.0.2.jdk/Contents/Home/lib"/>
    <property name="sun.java.command" value="/Users/dariusgrassi/Documents/Spring 2020/CS 342/Project2/ThreeCardPoker_Project2_Sp2020/target/surefire/surefirebooter2513723886597490583.jar /Users/dariusgrassi/Documents/Spring 2020/CS 342/Project2/ThreeCardPoker_Project2_Sp2020/target/surefire 2020-03-08T14-46-32_029-jvmRun1 surefire8312237396167865378tmp surefire_014357869114607339783tmp"/>
    <property name="http.nonProxyHosts" value="local|*.local|169.254/16|*.169.254/16"/>
    <property name="jdk.debug" value="release"/>
    <property name="surefire.test.class.path" value="/Users/dariusgrassi/Documents/Spring 2020/CS 342/Project2/ThreeCardPoker_Project2_Sp2020/target/test-classes:/Users/dariusgrassi/Documents/Spring 2020/CS 342/Project2/ThreeCardPoker_Project2_Sp2020/target/classes:/Users/dariusgrassi/.m2/repository/org/junit/jupiter/junit-jupiter-api/5.4.2/junit-jupiter-api-5.4.2.jar:/Users/dariusgrassi/.m2/repository/org/apiguardian/apiguardian-api/1.0.0/apiguardian-api-1.0.0.jar:/Users/dariusgrassi/.m2/repository/org/opentest4j/opentest4j/1.1.1/opentest4j-1.1.1.jar:/Users/dariusgrassi/.m2/repository/org/junit/platform/junit-platform-commons/1.4.2/junit-platform-commons-1.4.2.jar:/Users/dariusgrassi/.m2/repository/org/junit/jupiter/junit-jupiter-engine/5.4.2/junit-jupiter-engine-5.4.2.jar:/Users/dariusgrassi/.m2/repository/org/junit/platform/junit-platform-engine/1.4.2/junit-platform-engine-1.4.2.jar:/Users/dariusgrassi/.m2/repository/org/junit/jupiter/junit-jupiter-params/5.4.2/junit-jupiter-params-5.4.2.jar:/Users/dariusgrassi/.m2/repository/org/openjfx/javafx-controls/12.0.1/javafx-controls-12.0.1.jar:/Users/dariusgrassi/.m2/repository/org/openjfx/javafx-controls/12.0.1/javafx-controls-12.0.1-mac.jar:/Users/dariusgrassi/.m2/repository/org/openjfx/javafx-graphics/12.0.1/javafx-graphics-12.0.1.jar:/Users/dariusgrassi/.m2/repository/org/openjfx/javafx-graphics/12.0.1/javafx-graphics-12.0.1-mac.jar:/Users/dariusgrassi/.m2/repository/org/openjfx/javafx-base/12.0.1/javafx-base-12.0.1.jar:/Users/dariusgrassi/.m2/repository/org/openjfx/javafx-base/12.0.1/javafx-base-12.0.1-mac.jar:/Users/dariusgrassi/.m2/repository/org/openjfx/javafx-fxml/12/javafx-fxml-12.jar:/Users/dariusgrassi/.m2/repository/org/openjfx/javafx-fxml/12/javafx-fxml-12-mac.jar:"/>
    <property name="sun.cpu.endian" value="little"/>
    <property name="user.home" value="/Users/dariusgrassi"/>
    <property name="user.language" value="en"/>
    <property name="java.specification.vendor" value="Oracle Corporation"/>
    <property name="java.version.date" value="2020-01-14"/>
    <property name="java.home" value="/Library/Java/JavaVirtualMachines/jdk-13.0.2.jdk/Contents/Home"/>
    <property name="file.separator" value="/"/>
    <property name="basedir" value="/Users/dariusgrassi/Documents/Spring 2020/CS 342/Project2/ThreeCardPoker_Project2_Sp2020"/>
    <property name="java.vm.compressedOopsMode" value="Zero based"/>
    <property name="line.separator" value="&#10;"/>
    <property name="java.specification.name" value="Java Platform API Specification"/>
    <property name="java.vm.specification.vendor" value="Oracle Corporation"/>
    <property name="surefire.real.class.path" value="/Users/dariusgrassi/Documents/Spring 2020/CS 342/Project2/ThreeCardPoker_Project2_Sp2020/target/surefire/surefirebooter2513723886597490583.jar"/>
    <property name="sun.management.compiler" value="HotSpot 64-Bit Tiered Compilers"/>
    <property name="ftp.nonProxyHosts" value="local|*.local|169.254/16|*.169.254/16"/>
    <property name="java.runtime.version" value="13.0.2+8"/>
    <property name="user.name" value="dariusgrassi"/>
    <property name="path.separator" value=":"/>
    <property name="os.version" value="10.13.6"/>
    <property name="java.runtime.name" value="Java(TM) SE Runtime Environment"/>
    <property name="file.encoding" value="UTF-8"/>
    <property name="java.vm.name" value="Java HotSpot(TM) 64-Bit Server VM"/>
    <property name="localRepository" value="/Users/dariusgrassi/.m2/repository"/>
    <property name="java.vendor.url.bug" value="https://bugreport.java.com/bugreport/"/>
    <property name="java.io.tmpdir" value="/var/folders/_c/h33qvg190bz8kj5fphd5zw5m0000gp/T/"/>
    <property name="java.version" value="13.0.2"/>
    <property name="user.dir" value="/Users/dariusgrassi/Documents/Spring 2020/CS 342/Project2/ThreeCardPoker_Project2_Sp2020"/>
    <property name="os.arch" value="x86_64"/>
    <property name="java.vm.specification.name" value="Java Virtual Machine Specification"/>
    <property name="java.library.path" value="/Users/dariusgrassi/Library/Java/Extensions:/Library/Java/Extensions:/Network/Library/Java/Extensions:/System/Library/Java/Extensions:/usr/lib/java:."/>
    <property name="java.vm.info" value="mixed mode, sharing"/>
    <property name="java.vendor" value="Oracle Corporation"/>
    <property name="java.vm.version" value="13.0.2+8"/>
    <property name="sun.io.unicode.encoding" value="UnicodeBig"/>
    <property name="socksNonProxyHosts" value="local|*.local|169.254/16|*.169.254/16"/>
    <property name="java.class.version" value="57.0"/>
  </properties>
  <testcase name="checkStraightFlush" classname="ThreeCardTest" time="0"/>
  <testcase name="checkWinningsHighCard" classname="ThreeCardTest" time="0"/>
  <testcase name="checkWinningPlayerHighCard" classname="ThreeCardTest" time="0"/>
  <testcase name="checkWinningsFlush" classname="ThreeCardTest" time="0"/>
  <testcase name="checkWinningDealerHigherPair" classname="ThreeCardTest" time="0"/>
  <testcase name="checkWinningDealerEval" classname="ThreeCardTest" time="0"/>
  <testcase name="checkThreeOfAKind" classname="ThreeCardTest" time="0"/>
  <testcase name="checkWinningsThreeOfAKind" classname="ThreeCardTest" time="0.01"/>
  <testcase name="compareHandsDealerNoQueen" classname="ThreeCardTest" time="0"/>
  <testcase name="checkWinningsPair" classname="ThreeCardTest" time="0"/>
  <testcase name="checkWinningPlayerHigherThreeOfAKind" classname="ThreeCardTest" time="0"/>
  <testcase name="checkWinningPlayerHigherPair" classname="ThreeCardTest" time="0.01"/>
  <testcase name="checkWinningPlayerEval" classname="ThreeCardTest" time="0.001"/>
  <testcase name="checkCards" classname="ThreeCardTest" time="0.001"/>
  <testcase name="checkFlush" classname="ThreeCardTest" time="0.001"/>
  <testcase name="checkWinningDealerHighCard" classname="ThreeCardTest" time="0.001"/>
  <testcase name="checkWinningPlayerMatchingPairsHighCard" classname="ThreeCardTest" time="0.001"/>
  <testcase name="checkFailingGUIHands" classname="ThreeCardTest" time="0.001"/>
  <testcase name="checkStraight" classname="ThreeCardTest" time="0"/>
  <testcase name="checkWinningsStraightFlush" classname="ThreeCardTest" time="0.001"/>
  <testcase name="checkPair" classname="ThreeCardTest" time="0.001"/>
  <testcase name="checkFailingGUIHandsFlush" classname="ThreeCardTest" time="0.001"/>
  <testcase name="checkHighCard" classname="ThreeCardTest" time="0.002"/>
  <testcase name="checkWinningPlayerHigherStraight" classname="ThreeCardTest" time="0.001"/>
  <testcase name="checkWinningPlayerHigherStraightFlush" classname="ThreeCardTest" time="0.001"/>
  <testcase name="checkTieOutOfOrder" classname="ThreeCardTest" time="0.001"/>
  <testcase name="checkWinningsStraight" classname="ThreeCardTest" time="0.001"/>
  <testcase name="checkWinningDealerMatchingPairsHighCard" classname="ThreeCardTest" time="0"/>
  <testcase name="checkWinningPlayerHigherFlush" classname="ThreeCardTest" time="0"/>
</testsuite>